<?xml version="1.0" encoding="UTF-8"?>
<!-- Generated by org.testng.reporters.JUnitReportReporter -->
<testsuite hostname="SLIDEQA2" failures="0" tests="1" name="demo.new_user_Geeks_popup" time="46.207" errors="0" timestamp="2022-03-27T18:37:55 IST" skipped="0">
  <testcase classname="demo.new_user_Geeks_popup" name="test" time="46.207"/>
  <system-out/>
</testsuite> <!-- demo.new_user_Geeks_popup -->
