<?xml version="1.0" encoding="UTF-8"?>
<!-- Generated by org.testng.reporters.JUnitReportReporter -->
<testsuite hostname="SLIDEQA2" failures="0" tests="1" name="demo.geeksPopup" time="18.525" errors="0" timestamp="2022-03-27T18:20:20 IST" skipped="0">
  <testcase classname="demo.geeksPopup" name="test" time="18.525"/>
  <system-out/>
</testsuite> <!-- demo.geeksPopup -->
