<?xml version="1.0" encoding="UTF-8"?>
<!-- Generated by org.testng.reporters.JUnitReportReporter -->
<testsuite hostname="SLIDEQA2" failures="0" tests="1" name="demo.consoleError" time="488.200" errors="0" timestamp="2022-05-03T10:51:43 IST" skipped="0">
  <testcase classname="demo.consoleError" name="test" time="488.200"/>
  <system-out/>
</testsuite> <!-- demo.consoleError -->
