<?xml version="1.0" encoding="UTF-8"?>
<!-- Generated by org.testng.reporters.JUnitReportReporter -->
<testsuite hostname="SLIDEQA2" failures="0" tests="1" name="demo.Rough" time="98.772" errors="0" timestamp="2022-04-05T13:11:17 IST" skipped="0">
  <testcase classname="demo.Rough" name="test" time="98.772"/>
  <system-out/>
</testsuite> <!-- demo.Rough -->
