<?xml version="1.0" encoding="UTF-8"?>
<!-- Generated by org.testng.reporters.JUnitReportReporter -->
<testsuite hostname="SLIDEQA2" failures="0" tests="1" name="stepDefination.rough" time="134.301" errors="0" timestamp="2022-05-16T19:47:21 IST" skipped="0">
  <testcase classname="stepDefination.rough" name="test" time="134.301"/>
  <system-out/>
</testsuite> <!-- stepDefination.rough -->
