<?xml version="1.0" encoding="UTF-8"?>
<!-- Generated by org.testng.reporters.JUnitReportReporter -->
<testsuite hostname="SLIDEQA2" failures="0" tests="1" name="demo.Teamimageresolution" time="42.520" errors="0" timestamp="2022-04-26T18:37:25 IST" skipped="0">
  <testcase classname="demo.Teamimageresolution" name="test" time="42.520"/>
  <system-out/>
</testsuite> <!-- demo.Teamimageresolution -->
